[28/Apr/2020 19:15:44] INFO [django.utils.autoreload:598] Watching for file changes with StatReloader
[28/Apr/2020 19:15:44] INFO [django.utils.autoreload:598] Watching for file changes with StatReloader
[28/Apr/2020 19:16:23] INFO [django.server:157] "GET /apartments/apartment HTTP/1.1" 200 10383
[28/Apr/2020 19:16:23] INFO [django.server:157] "GET /apartments/apartment HTTP/1.1" 200 10383
[28/Apr/2020 19:16:23] WARNING [django.server:157] "GET /static/css/lighbox.min.css HTTP/1.1" 404 1683
[28/Apr/2020 19:16:23] WARNING [django.server:157] "GET /static/css/lighbox.min.css HTTP/1.1" 404 1683
[28/Apr/2020 19:16:25] INFO [django.server:157] "POST /apartments/apartmentsFilter HTTP/1.1" 200 16
[28/Apr/2020 19:16:25] INFO [django.server:157] "POST /apartments/apartmentsFilter HTTP/1.1" 200 16
[28/Apr/2020 19:37:51] INFO [django.utils.autoreload:222] C:\Users\ebabuaj\OneDrive - Ericsson AB\D_Drive\Python_Course\Django\maargaweb\maargars_web\apartments\views.py changed, reloading.
[28/Apr/2020 19:37:51] INFO [django.utils.autoreload:222] C:\Users\ebabuaj\OneDrive - Ericsson AB\D_Drive\Python_Course\Django\maargaweb\maargars_web\apartments\views.py changed, reloading.
[28/Apr/2020 19:37:54] INFO [django.utils.autoreload:598] Watching for file changes with StatReloader
[28/Apr/2020 19:37:54] INFO [django.utils.autoreload:598] Watching for file changes with StatReloader
[28/Apr/2020 19:38:09] INFO [django.utils.autoreload:222] C:\Users\ebabuaj\OneDrive - Ericsson AB\D_Drive\Python_Course\Django\maargaweb\maargars_web\apartments\views.py changed, reloading.
[28/Apr/2020 19:38:09] INFO [django.utils.autoreload:222] C:\Users\ebabuaj\OneDrive - Ericsson AB\D_Drive\Python_Course\Django\maargaweb\maargars_web\apartments\views.py changed, reloading.
[28/Apr/2020 19:38:11] INFO [django.utils.autoreload:598] Watching for file changes with StatReloader
[28/Apr/2020 19:38:11] INFO [django.utils.autoreload:598] Watching for file changes with StatReloader
[28/Apr/2020 19:38:21] INFO [django.server:157] "GET /apartments/apartment HTTP/1.1" 200 10383
[28/Apr/2020 19:38:21] INFO [django.server:157] "GET /apartments/apartment HTTP/1.1" 200 10383
[28/Apr/2020 19:38:22] WARNING [django.server:157] "GET /static/css/lighbox.min.css HTTP/1.1" 404 1683
[28/Apr/2020 19:38:22] WARNING [django.server:157] "GET /static/css/lighbox.min.css HTTP/1.1" 404 1683
[28/Apr/2020 19:38:24] ERROR [django.request:228] Internal Server Error: /apartments/apartmentsFilter
Traceback (most recent call last):
  File "C:\Users\ebabuaj\OneDrive - Ericsson AB\D_Drive\Python_Course\Django\maargaweb\mvenv\lib\site-packages\django\core\handlers\exception.py", line 34, in inner
    response = get_response(request)
  File "C:\Users\ebabuaj\OneDrive - Ericsson AB\D_Drive\Python_Course\Django\maargaweb\mvenv\lib\site-packages\django\core\handlers\base.py", line 115, in _get_response
    response = self.process_exception_by_middleware(e, request)
  File "C:\Users\ebabuaj\OneDrive - Ericsson AB\D_Drive\Python_Course\Django\maargaweb\mvenv\lib\site-packages\django\core\handlers\base.py", line 113, in _get_response
    response = wrapped_callback(request, *callback_args, **callback_kwargs)
  File "C:\Users\ebabuaj\OneDrive - Ericsson AB\D_Drive\Python_Course\Django\maargaweb\maargars_web\apartments\views.py", line 22, in apartmentsFilter
    thisdict = json.loads(request.body)
NameError: name 'json' is not defined
[28/Apr/2020 19:38:24] ERROR [django.request:228] Internal Server Error: /apartments/apartmentsFilter
Traceback (most recent call last):
  File "C:\Users\ebabuaj\OneDrive - Ericsson AB\D_Drive\Python_Course\Django\maargaweb\mvenv\lib\site-packages\django\core\handlers\exception.py", line 34, in inner
    response = get_response(request)
  File "C:\Users\ebabuaj\OneDrive - Ericsson AB\D_Drive\Python_Course\Django\maargaweb\mvenv\lib\site-packages\django\core\handlers\base.py", line 115, in _get_response
    response = self.process_exception_by_middleware(e, request)
  File "C:\Users\ebabuaj\OneDrive - Ericsson AB\D_Drive\Python_Course\Django\maargaweb\mvenv\lib\site-packages\django\core\handlers\base.py", line 113, in _get_response
    response = wrapped_callback(request, *callback_args, **callback_kwargs)
  File "C:\Users\ebabuaj\OneDrive - Ericsson AB\D_Drive\Python_Course\Django\maargaweb\maargars_web\apartments\views.py", line 22, in apartmentsFilter
    thisdict = json.loads(request.body)
NameError: name 'json' is not defined
[28/Apr/2020 19:38:24] ERROR [django.server:157] "POST /apartments/apartmentsFilter HTTP/1.1" 500 21676
[28/Apr/2020 19:38:24] ERROR [django.server:157] "POST /apartments/apartmentsFilter HTTP/1.1" 500 21676
[28/Apr/2020 19:38:44] ERROR [django.request:228] Internal Server Error: /apartments/apartmentsFilter
Traceback (most recent call last):
  File "C:\Users\ebabuaj\OneDrive - Ericsson AB\D_Drive\Python_Course\Django\maargaweb\mvenv\lib\site-packages\django\core\handlers\exception.py", line 34, in inner
    response = get_response(request)
  File "C:\Users\ebabuaj\OneDrive - Ericsson AB\D_Drive\Python_Course\Django\maargaweb\mvenv\lib\site-packages\django\core\handlers\base.py", line 115, in _get_response
    response = self.process_exception_by_middleware(e, request)
  File "C:\Users\ebabuaj\OneDrive - Ericsson AB\D_Drive\Python_Course\Django\maargaweb\mvenv\lib\site-packages\django\core\handlers\base.py", line 113, in _get_response
    response = wrapped_callback(request, *callback_args, **callback_kwargs)
  File "C:\Users\ebabuaj\OneDrive - Ericsson AB\D_Drive\Python_Course\Django\maargaweb\maargars_web\apartments\views.py", line 22, in apartmentsFilter
    thisdict = json.loads(request.body)
NameError: name 'json' is not defined
[28/Apr/2020 19:38:44] ERROR [django.request:228] Internal Server Error: /apartments/apartmentsFilter
Traceback (most recent call last):
  File "C:\Users\ebabuaj\OneDrive - Ericsson AB\D_Drive\Python_Course\Django\maargaweb\mvenv\lib\site-packages\django\core\handlers\exception.py", line 34, in inner
    response = get_response(request)
  File "C:\Users\ebabuaj\OneDrive - Ericsson AB\D_Drive\Python_Course\Django\maargaweb\mvenv\lib\site-packages\django\core\handlers\base.py", line 115, in _get_response
    response = self.process_exception_by_middleware(e, request)
  File "C:\Users\ebabuaj\OneDrive - Ericsson AB\D_Drive\Python_Course\Django\maargaweb\mvenv\lib\site-packages\django\core\handlers\base.py", line 113, in _get_response
    response = wrapped_callback(request, *callback_args, **callback_kwargs)
  File "C:\Users\ebabuaj\OneDrive - Ericsson AB\D_Drive\Python_Course\Django\maargaweb\maargars_web\apartments\views.py", line 22, in apartmentsFilter
    thisdict = json.loads(request.body)
NameError: name 'json' is not defined
[28/Apr/2020 19:38:44] ERROR [django.server:157] "POST /apartments/apartmentsFilter HTTP/1.1" 500 21676
[28/Apr/2020 19:38:44] ERROR [django.server:157] "POST /apartments/apartmentsFilter HTTP/1.1" 500 21676
[28/Apr/2020 19:39:11] INFO [django.utils.autoreload:222] C:\Users\ebabuaj\OneDrive - Ericsson AB\D_Drive\Python_Course\Django\maargaweb\maargars_web\apartments\views.py changed, reloading.
[28/Apr/2020 19:39:11] INFO [django.utils.autoreload:222] C:\Users\ebabuaj\OneDrive - Ericsson AB\D_Drive\Python_Course\Django\maargaweb\maargars_web\apartments\views.py changed, reloading.
[28/Apr/2020 19:39:13] INFO [django.utils.autoreload:598] Watching for file changes with StatReloader
[28/Apr/2020 19:39:13] INFO [django.utils.autoreload:598] Watching for file changes with StatReloader
[28/Apr/2020 19:39:36] INFO [django.server:157] "GET /apartments/apartment HTTP/1.1" 200 10112
[28/Apr/2020 19:39:36] INFO [django.server:157] "GET /apartments/apartment HTTP/1.1" 200 10112
[28/Apr/2020 19:39:36] INFO [django.server:157] "GET /static/css/all.css HTTP/1.1" 304 0
[28/Apr/2020 19:39:36] INFO [django.server:157] "GET /static/css/all.css HTTP/1.1" 304 0
[28/Apr/2020 19:39:36] INFO [django.server:157] "GET /static/css/bootstrap.css HTTP/1.1" 304 0
[28/Apr/2020 19:39:36] INFO [django.server:157] "GET /static/css/bootstrap.css HTTP/1.1" 304 0
[28/Apr/2020 19:39:36] INFO [django.server:157] "GET /static/css/style.css HTTP/1.1" 304 0
[28/Apr/2020 19:39:36] INFO [django.server:157] "GET /static/css/style.css HTTP/1.1" 304 0
[28/Apr/2020 19:39:36] INFO [django.server:157] "GET /static/css/maarga.css HTTP/1.1" 304 0
[28/Apr/2020 19:39:36] INFO [django.server:157] "GET /static/css/maarga.css HTTP/1.1" 304 0
[28/Apr/2020 19:39:36] INFO [django.server:157] "GET /static/js/jquery-3.3.1.min.js HTTP/1.1" 304 0
[28/Apr/2020 19:39:36] INFO [django.server:157] "GET /static/js/jquery-3.3.1.min.js HTTP/1.1" 304 0
[28/Apr/2020 19:39:36] INFO [django.server:157] "GET /static/js/bootstrap.bundle.min.js HTTP/1.1" 304 0
[28/Apr/2020 19:39:36] INFO [django.server:157] "GET /static/js/bootstrap.bundle.min.js HTTP/1.1" 304 0
[28/Apr/2020 19:39:36] INFO [django.server:157] "GET /static/js/main.js HTTP/1.1" 304 0
[28/Apr/2020 19:39:36] INFO [django.server:157] "GET /static/js/main.js HTTP/1.1" 304 0
[28/Apr/2020 19:39:36] INFO [django.server:157] "GET /static/js/lightbox.min.js HTTP/1.1" 304 0
[28/Apr/2020 19:39:36] INFO [django.server:157] "GET /static/js/lightbox.min.js HTTP/1.1" 304 0
[28/Apr/2020 19:39:36] WARNING [django.server:157] "GET /static/css/lighbox.min.css HTTP/1.1" 404 1683
[28/Apr/2020 19:39:36] WARNING [django.server:157] "GET /static/css/lighbox.min.css HTTP/1.1" 404 1683
[28/Apr/2020 19:39:36] INFO [django.server:157] "GET /static/img/logo.png HTTP/1.1" 304 0
[28/Apr/2020 19:39:36] INFO [django.server:157] "GET /static/img/logo.png HTTP/1.1" 304 0
[28/Apr/2020 19:39:38] ERROR [django.request:228] Internal Server Error: /apartments/apartmentsFilter
Traceback (most recent call last):
  File "C:\Users\ebabuaj\OneDrive - Ericsson AB\D_Drive\Python_Course\Django\maargaweb\mvenv\lib\site-packages\django\core\handlers\exception.py", line 34, in inner
    response = get_response(request)
  File "C:\Users\ebabuaj\OneDrive - Ericsson AB\D_Drive\Python_Course\Django\maargaweb\mvenv\lib\site-packages\django\core\handlers\base.py", line 115, in _get_response
    response = self.process_exception_by_middleware(e, request)
  File "C:\Users\ebabuaj\OneDrive - Ericsson AB\D_Drive\Python_Course\Django\maargaweb\mvenv\lib\site-packages\django\core\handlers\base.py", line 113, in _get_response
    response = wrapped_callback(request, *callback_args, **callback_kwargs)
  File "C:\Users\ebabuaj\OneDrive - Ericsson AB\D_Drive\Python_Course\Django\maargaweb\maargars_web\apartments\views.py", line 22, in apartmentsFilter
    thisdict = json.loads(request.body)
NameError: name 'json' is not defined
[28/Apr/2020 19:39:38] ERROR [django.request:228] Internal Server Error: /apartments/apartmentsFilter
Traceback (most recent call last):
  File "C:\Users\ebabuaj\OneDrive - Ericsson AB\D_Drive\Python_Course\Django\maargaweb\mvenv\lib\site-packages\django\core\handlers\exception.py", line 34, in inner
    response = get_response(request)
  File "C:\Users\ebabuaj\OneDrive - Ericsson AB\D_Drive\Python_Course\Django\maargaweb\mvenv\lib\site-packages\django\core\handlers\base.py", line 115, in _get_response
    response = self.process_exception_by_middleware(e, request)
  File "C:\Users\ebabuaj\OneDrive - Ericsson AB\D_Drive\Python_Course\Django\maargaweb\mvenv\lib\site-packages\django\core\handlers\base.py", line 113, in _get_response
    response = wrapped_callback(request, *callback_args, **callback_kwargs)
  File "C:\Users\ebabuaj\OneDrive - Ericsson AB\D_Drive\Python_Course\Django\maargaweb\maargars_web\apartments\views.py", line 22, in apartmentsFilter
    thisdict = json.loads(request.body)
NameError: name 'json' is not defined
[28/Apr/2020 19:39:38] ERROR [django.server:157] "POST /apartments/apartmentsFilter HTTP/1.1" 500 21472
[28/Apr/2020 19:39:38] ERROR [django.server:157] "POST /apartments/apartmentsFilter HTTP/1.1" 500 21472
[28/Apr/2020 19:40:56] INFO [django.utils.autoreload:222] C:\Users\ebabuaj\OneDrive - Ericsson AB\D_Drive\Python_Course\Django\maargaweb\maargars_web\apartments\views.py changed, reloading.
[28/Apr/2020 19:40:56] INFO [django.utils.autoreload:222] C:\Users\ebabuaj\OneDrive - Ericsson AB\D_Drive\Python_Course\Django\maargaweb\maargars_web\apartments\views.py changed, reloading.
[28/Apr/2020 19:40:58] INFO [django.utils.autoreload:598] Watching for file changes with StatReloader
[28/Apr/2020 19:40:58] INFO [django.utils.autoreload:598] Watching for file changes with StatReloader
[28/Apr/2020 19:41:05] INFO [django.server:157] "GET /apartments/apartment HTTP/1.1" 200 10383
[28/Apr/2020 19:41:05] INFO [django.server:157] "GET /apartments/apartment HTTP/1.1" 200 10383
[28/Apr/2020 19:41:05] WARNING [django.server:157] "GET /static/css/lighbox.min.css HTTP/1.1" 404 1683
[28/Apr/2020 19:41:05] WARNING [django.server:157] "GET /static/css/lighbox.min.css HTTP/1.1" 404 1683
[28/Apr/2020 19:41:07] ERROR [django.request:228] Internal Server Error: /apartments/apartmentsFilter
Traceback (most recent call last):
  File "C:\Users\ebabuaj\OneDrive - Ericsson AB\D_Drive\Python_Course\Django\maargaweb\mvenv\lib\site-packages\django\core\handlers\exception.py", line 34, in inner
    response = get_response(request)
  File "C:\Users\ebabuaj\OneDrive - Ericsson AB\D_Drive\Python_Course\Django\maargaweb\mvenv\lib\site-packages\django\core\handlers\base.py", line 115, in _get_response
    response = self.process_exception_by_middleware(e, request)
  File "C:\Users\ebabuaj\OneDrive - Ericsson AB\D_Drive\Python_Course\Django\maargaweb\mvenv\lib\site-packages\django\core\handlers\base.py", line 113, in _get_response
    response = wrapped_callback(request, *callback_args, **callback_kwargs)
  File "C:\Users\ebabuaj\OneDrive - Ericsson AB\D_Drive\Python_Course\Django\maargaweb\maargars_web\apartments\views.py", line 22, in apartmentsFilter
    thisdict = json.loads(request.body)
NameError: name 'json' is not defined
[28/Apr/2020 19:41:07] ERROR [django.request:228] Internal Server Error: /apartments/apartmentsFilter
Traceback (most recent call last):
  File "C:\Users\ebabuaj\OneDrive - Ericsson AB\D_Drive\Python_Course\Django\maargaweb\mvenv\lib\site-packages\django\core\handlers\exception.py", line 34, in inner
    response = get_response(request)
  File "C:\Users\ebabuaj\OneDrive - Ericsson AB\D_Drive\Python_Course\Django\maargaweb\mvenv\lib\site-packages\django\core\handlers\base.py", line 115, in _get_response
    response = self.process_exception_by_middleware(e, request)
  File "C:\Users\ebabuaj\OneDrive - Ericsson AB\D_Drive\Python_Course\Django\maargaweb\mvenv\lib\site-packages\django\core\handlers\base.py", line 113, in _get_response
    response = wrapped_callback(request, *callback_args, **callback_kwargs)
  File "C:\Users\ebabuaj\OneDrive - Ericsson AB\D_Drive\Python_Course\Django\maargaweb\maargars_web\apartments\views.py", line 22, in apartmentsFilter
    thisdict = json.loads(request.body)
NameError: name 'json' is not defined
[28/Apr/2020 19:41:07] ERROR [django.server:157] "POST /apartments/apartmentsFilter HTTP/1.1" 500 21676
[28/Apr/2020 19:41:07] ERROR [django.server:157] "POST /apartments/apartmentsFilter HTTP/1.1" 500 21676
[28/Apr/2020 19:41:19] INFO [django.utils.autoreload:222] C:\Users\ebabuaj\OneDrive - Ericsson AB\D_Drive\Python_Course\Django\maargaweb\maargars_web\apartments\views.py changed, reloading.
[28/Apr/2020 19:41:19] INFO [django.utils.autoreload:222] C:\Users\ebabuaj\OneDrive - Ericsson AB\D_Drive\Python_Course\Django\maargaweb\maargars_web\apartments\views.py changed, reloading.
[28/Apr/2020 19:41:21] INFO [django.utils.autoreload:598] Watching for file changes with StatReloader
[28/Apr/2020 19:41:21] INFO [django.utils.autoreload:598] Watching for file changes with StatReloader
[28/Apr/2020 19:41:23] INFO [django.server:157] "GET /apartments/apartment HTTP/1.1" 200 10383
[28/Apr/2020 19:41:23] INFO [django.server:157] "GET /apartments/apartment HTTP/1.1" 200 10383
[28/Apr/2020 19:41:23] WARNING [django.server:157] "GET /static/css/lighbox.min.css HTTP/1.1" 404 1683
[28/Apr/2020 19:41:23] WARNING [django.server:157] "GET /static/css/lighbox.min.css HTTP/1.1" 404 1683
[28/Apr/2020 19:41:28] INFO [django.server:157] "POST /apartments/apartmentsFilter HTTP/1.1" 200 16
[28/Apr/2020 19:41:28] INFO [django.server:157] "POST /apartments/apartmentsFilter HTTP/1.1" 200 16
[28/Apr/2020 21:36:48] INFO [django.server:157] "GET /apartments/apartment HTTP/1.1" 200 10388
[28/Apr/2020 21:36:48] INFO [django.server:157] "GET /apartments/apartment HTTP/1.1" 200 10388
[28/Apr/2020 21:36:48] WARNING [django.server:157] "GET /static/css/lighbox.min.css HTTP/1.1" 404 1683
[28/Apr/2020 21:36:48] WARNING [django.server:157] "GET /static/css/lighbox.min.css HTTP/1.1" 404 1683
[28/Apr/2020 21:37:11] WARNING [django.server:157] "GET /static/css/lighbox.min.css HTTP/1.1" 404 1683
[28/Apr/2020 21:37:11] WARNING [django.server:157] "GET /static/css/lighbox.min.css HTTP/1.1" 404 1683
[28/Apr/2020 21:37:11] WARNING [django.server:157] "GET /static/js/lightbox.min.map HTTP/1.1" 404 1683
[28/Apr/2020 21:37:11] WARNING [django.server:157] "GET /static/js/lightbox.min.map HTTP/1.1" 404 1683
[28/Apr/2020 21:37:11] WARNING [django.server:157] "GET /static/js/bootstrap.bundle.min.js.map HTTP/1.1" 404 1716
[28/Apr/2020 21:37:11] WARNING [django.server:157] "GET /static/js/bootstrap.bundle.min.js.map HTTP/1.1" 404 1716
[28/Apr/2020 21:38:00] INFO [django.server:157] "GET /apartments/apartment HTTP/1.1" 200 10117
[28/Apr/2020 21:38:00] INFO [django.server:157] "GET /apartments/apartment HTTP/1.1" 200 10117
[28/Apr/2020 21:38:00] INFO [django.server:157] "GET /static/css/all.css HTTP/1.1" 304 0
[28/Apr/2020 21:38:00] INFO [django.server:157] "GET /static/css/all.css HTTP/1.1" 304 0
[28/Apr/2020 21:38:00] INFO [django.server:157] "GET /static/css/bootstrap.css HTTP/1.1" 304 0
[28/Apr/2020 21:38:00] INFO [django.server:157] "GET /static/css/bootstrap.css HTTP/1.1" 304 0
[28/Apr/2020 21:38:00] INFO [django.server:157] "GET /static/css/style.css HTTP/1.1" 304 0
[28/Apr/2020 21:38:00] INFO [django.server:157] "GET /static/css/style.css HTTP/1.1" 304 0
[28/Apr/2020 21:38:00] WARNING [django.server:157] "GET /static/css/lighbox.min.css HTTP/1.1" 404 1683
[28/Apr/2020 21:38:00] WARNING [django.server:157] "GET /static/css/lighbox.min.css HTTP/1.1" 404 1683
[28/Apr/2020 21:38:00] INFO [django.server:157] "GET /static/css/maarga.css HTTP/1.1" 304 0
[28/Apr/2020 21:38:00] INFO [django.server:157] "GET /static/css/maarga.css HTTP/1.1" 304 0
[28/Apr/2020 21:38:00] INFO [django.server:157] "GET /static/js/jquery-3.3.1.min.js HTTP/1.1" 304 0
[28/Apr/2020 21:38:00] INFO [django.server:157] "GET /static/js/jquery-3.3.1.min.js HTTP/1.1" 304 0
[28/Apr/2020 21:38:00] INFO [django.server:157] "GET /static/js/bootstrap.bundle.min.js HTTP/1.1" 304 0
[28/Apr/2020 21:38:00] INFO [django.server:157] "GET /static/js/bootstrap.bundle.min.js HTTP/1.1" 304 0
[28/Apr/2020 21:38:00] INFO [django.server:157] "GET /static/js/main.js HTTP/1.1" 304 0
[28/Apr/2020 21:38:00] INFO [django.server:157] "GET /static/js/main.js HTTP/1.1" 304 0
[28/Apr/2020 21:38:00] INFO [django.server:157] "GET /static/js/lightbox.min.js HTTP/1.1" 304 0
[28/Apr/2020 21:38:00] INFO [django.server:157] "GET /static/js/lightbox.min.js HTTP/1.1" 304 0
[28/Apr/2020 21:38:00] INFO [django.server:157] "GET /static/img/logo.png HTTP/1.1" 304 0
[28/Apr/2020 21:38:00] INFO [django.server:157] "GET /static/img/logo.png HTTP/1.1" 304 0
[28/Apr/2020 21:49:44] INFO [django.server:157] "GET /apartments/apartment HTTP/1.1" 200 10140
[28/Apr/2020 21:49:44] INFO [django.server:157] "GET /apartments/apartment HTTP/1.1" 200 10140
[28/Apr/2020 21:49:44] INFO [django.server:157] "GET /static/css/all.css HTTP/1.1" 304 0
[28/Apr/2020 21:49:44] INFO [django.server:157] "GET /static/css/all.css HTTP/1.1" 304 0
[28/Apr/2020 21:49:44] INFO [django.server:157] "GET /static/css/bootstrap.css HTTP/1.1" 304 0
[28/Apr/2020 21:49:44] INFO [django.server:157] "GET /static/css/bootstrap.css HTTP/1.1" 304 0
[28/Apr/2020 21:49:44] INFO [django.server:157] "GET /static/css/style.css HTTP/1.1" 304 0
[28/Apr/2020 21:49:44] INFO [django.server:157] "GET /static/css/style.css HTTP/1.1" 304 0
[28/Apr/2020 21:49:44] INFO [django.server:157] "GET /static/css/maarga.css HTTP/1.1" 304 0
[28/Apr/2020 21:49:44] INFO [django.server:157] "GET /static/css/maarga.css HTTP/1.1" 304 0
[28/Apr/2020 21:49:44] INFO [django.server:157] "GET /static/js/bootstrap.bundle.min.js HTTP/1.1" 304 0
[28/Apr/2020 21:49:44] INFO [django.server:157] "GET /static/js/jquery-3.3.1.min.js HTTP/1.1" 304 0
[28/Apr/2020 21:49:44] INFO [django.server:157] "GET /static/js/jquery-3.3.1.min.js HTTP/1.1" 304 0
[28/Apr/2020 21:49:44] INFO [django.server:157] "GET /static/js/bootstrap.bundle.min.js HTTP/1.1" 304 0
[28/Apr/2020 21:49:44] WARNING [django.server:157] "GET /static/css/lighbox.min.css HTTP/1.1" 404 1683
[28/Apr/2020 21:49:44] WARNING [django.server:157] "GET /static/css/lighbox.min.css HTTP/1.1" 404 1683
[28/Apr/2020 21:49:44] INFO [django.server:157] "GET /static/js/main.js HTTP/1.1" 304 0
[28/Apr/2020 21:49:44] INFO [django.server:157] "GET /static/js/main.js HTTP/1.1" 304 0
[28/Apr/2020 21:49:44] INFO [django.server:157] "GET /static/js/lightbox.min.js HTTP/1.1" 304 0
[28/Apr/2020 21:49:44] INFO [django.server:157] "GET /static/js/lightbox.min.js HTTP/1.1" 304 0
[28/Apr/2020 21:49:44] INFO [django.server:157] "GET /static/img/logo.png HTTP/1.1" 304 0
[28/Apr/2020 21:49:44] INFO [django.server:157] "GET /static/img/logo.png HTTP/1.1" 304 0
[28/Apr/2020 21:49:59] WARNING [django.server:157] "GET /static/js/bootstrap.bundle.min.js.map HTTP/1.1" 404 1716
[28/Apr/2020 21:49:59] WARNING [django.server:157] "GET /static/js/bootstrap.bundle.min.js.map HTTP/1.1" 404 1716
[28/Apr/2020 21:49:59] WARNING [django.server:157] "GET /static/js/lightbox.min.map HTTP/1.1" 404 1683
[28/Apr/2020 21:49:59] WARNING [django.server:157] "GET /static/js/lightbox.min.map HTTP/1.1" 404 1683
[28/Apr/2020 21:50:38] INFO [django.server:157] "GET /apartments/apartment HTTP/1.1" 200 10411
[28/Apr/2020 21:50:38] INFO [django.server:157] "GET /apartments/apartment HTTP/1.1" 200 10411
[28/Apr/2020 21:50:38] WARNING [django.server:157] "GET /static/css/lighbox.min.css HTTP/1.1" 404 1683
[28/Apr/2020 21:50:38] WARNING [django.server:157] "GET /static/css/lighbox.min.css HTTP/1.1" 404 1683
[28/Apr/2020 21:50:38] WARNING [django.server:157] "GET /static/js/bootstrap.bundle.min.js.map HTTP/1.1" 404 1716
[28/Apr/2020 21:50:38] WARNING [django.server:157] "GET /static/js/bootstrap.bundle.min.js.map HTTP/1.1" 404 1716
[28/Apr/2020 21:50:38] WARNING [django.server:157] "GET /static/js/lightbox.min.map HTTP/1.1" 404 1683
[28/Apr/2020 21:50:38] WARNING [django.server:157] "GET /static/js/lightbox.min.map HTTP/1.1" 404 1683
[28/Apr/2020 21:53:13] INFO [django.server:157] "GET /apartments/apartment HTTP/1.1" 200 10454
[28/Apr/2020 21:53:13] INFO [django.server:157] "GET /apartments/apartment HTTP/1.1" 200 10454
[28/Apr/2020 21:53:14] WARNING [django.server:157] "GET /static/css/lighbox.min.css HTTP/1.1" 404 1683
[28/Apr/2020 21:53:14] WARNING [django.server:157] "GET /static/css/lighbox.min.css HTTP/1.1" 404 1683
[28/Apr/2020 21:53:14] WARNING [django.server:157] "GET /static/js/lightbox.min.map HTTP/1.1" 404 1683
[28/Apr/2020 21:53:14] WARNING [django.server:157] "GET /static/js/bootstrap.bundle.min.js.map HTTP/1.1" 404 1716
[28/Apr/2020 21:53:14] WARNING [django.server:157] "GET /static/js/bootstrap.bundle.min.js.map HTTP/1.1" 404 1716
[28/Apr/2020 21:53:14] WARNING [django.server:157] "GET /static/js/lightbox.min.map HTTP/1.1" 404 1683
[28/Apr/2020 21:59:12] INFO [django.server:157] "GET /apartments/apartment HTTP/1.1" 200 10459
[28/Apr/2020 21:59:12] INFO [django.server:157] "GET /apartments/apartment HTTP/1.1" 200 10459
[28/Apr/2020 21:59:12] WARNING [django.server:157] "GET /static/css/lighbox.min.css HTTP/1.1" 404 1683
[28/Apr/2020 21:59:12] WARNING [django.server:157] "GET /static/css/lighbox.min.css HTTP/1.1" 404 1683
[28/Apr/2020 21:59:12] WARNING [django.server:157] "GET /static/js/lightbox.min.map HTTP/1.1" 404 1683
[28/Apr/2020 21:59:12] WARNING [django.server:157] "GET /static/js/bootstrap.bundle.min.js.map HTTP/1.1" 404 1716
[28/Apr/2020 21:59:12] WARNING [django.server:157] "GET /static/js/lightbox.min.map HTTP/1.1" 404 1683
[28/Apr/2020 21:59:12] WARNING [django.server:157] "GET /static/js/bootstrap.bundle.min.js.map HTTP/1.1" 404 1716
[28/Apr/2020 22:01:48] INFO [django.server:157] "GET /apartments/apartment HTTP/1.1" 200 10482
[28/Apr/2020 22:01:48] INFO [django.server:157] "GET /apartments/apartment HTTP/1.1" 200 10482
[28/Apr/2020 22:01:48] WARNING [django.server:157] "GET /static/css/lighbox.min.css HTTP/1.1" 404 1683
[28/Apr/2020 22:01:48] WARNING [django.server:157] "GET /static/css/lighbox.min.css HTTP/1.1" 404 1683
[28/Apr/2020 22:01:48] WARNING [django.server:157] "GET /static/js/bootstrap.bundle.min.js.map HTTP/1.1" 404 1716
[28/Apr/2020 22:01:48] WARNING [django.server:157] "GET /static/js/bootstrap.bundle.min.js.map HTTP/1.1" 404 1716
[28/Apr/2020 22:01:48] WARNING [django.server:157] "GET /static/js/lightbox.min.map HTTP/1.1" 404 1683
[28/Apr/2020 22:01:48] WARNING [django.server:157] "GET /static/js/lightbox.min.map HTTP/1.1" 404 1683
[28/Apr/2020 22:03:02] INFO [django.server:157] "GET /apartments/apartment HTTP/1.1" 200 10476
[28/Apr/2020 22:03:02] INFO [django.server:157] "GET /apartments/apartment HTTP/1.1" 200 10476
[28/Apr/2020 22:03:02] WARNING [django.server:157] "GET /static/css/lighbox.min.css HTTP/1.1" 404 1683
[28/Apr/2020 22:03:02] WARNING [django.server:157] "GET /static/css/lighbox.min.css HTTP/1.1" 404 1683
[28/Apr/2020 22:03:02] WARNING [django.server:157] "GET /static/js/lightbox.min.map HTTP/1.1" 404 1683
[28/Apr/2020 22:03:02] WARNING [django.server:157] "GET /static/js/lightbox.min.map HTTP/1.1" 404 1683
[28/Apr/2020 22:03:02] WARNING [django.server:157] "GET /static/js/bootstrap.bundle.min.js.map HTTP/1.1" 404 1716
[28/Apr/2020 22:03:02] WARNING [django.server:157] "GET /static/js/bootstrap.bundle.min.js.map HTTP/1.1" 404 1716
[28/Apr/2020 22:05:45] INFO [django.server:157] "GET /apartments/apartment HTTP/1.1" 200 10512
[28/Apr/2020 22:05:45] INFO [django.server:157] "GET /apartments/apartment HTTP/1.1" 200 10512
[28/Apr/2020 22:05:45] WARNING [django.server:157] "GET /static/css/lighbox.min.css HTTP/1.1" 404 1683
[28/Apr/2020 22:05:45] WARNING [django.server:157] "GET /static/css/lighbox.min.css HTTP/1.1" 404 1683
[28/Apr/2020 22:05:46] WARNING [django.server:157] "GET /static/js/bootstrap.bundle.min.js.map HTTP/1.1" 404 1716
[28/Apr/2020 22:05:46] WARNING [django.server:157] "GET /static/js/bootstrap.bundle.min.js.map HTTP/1.1" 404 1716
[28/Apr/2020 22:05:46] WARNING [django.server:157] "GET /static/js/lightbox.min.map HTTP/1.1" 404 1683
[28/Apr/2020 22:05:46] WARNING [django.server:157] "GET /static/js/lightbox.min.map HTTP/1.1" 404 1683
[28/Apr/2020 22:19:07] INFO [django.server:157] "GET /apartments/apartment HTTP/1.1" 200 10477
[28/Apr/2020 22:19:07] INFO [django.server:157] "GET /apartments/apartment HTTP/1.1" 200 10477
[28/Apr/2020 22:19:07] WARNING [django.server:157] "GET /static/css/lighbox.min.css HTTP/1.1" 404 1683
[28/Apr/2020 22:19:07] WARNING [django.server:157] "GET /static/css/lighbox.min.css HTTP/1.1" 404 1683
[28/Apr/2020 22:19:07] WARNING [django.server:157] "GET /static/js/lightbox.min.map HTTP/1.1" 404 1683
[28/Apr/2020 22:19:07] WARNING [django.server:157] "GET /static/js/lightbox.min.map HTTP/1.1" 404 1683
[28/Apr/2020 22:19:07] WARNING [django.server:157] "GET /static/js/bootstrap.bundle.min.js.map HTTP/1.1" 404 1716
[28/Apr/2020 22:19:07] WARNING [django.server:157] "GET /static/js/bootstrap.bundle.min.js.map HTTP/1.1" 404 1716
[28/Apr/2020 22:19:11] INFO [django.server:157] "POST /apartments/apartmentsFilter HTTP/1.1" 200 16
[28/Apr/2020 22:19:11] INFO [django.server:157] "POST /apartments/apartmentsFilter HTTP/1.1" 200 16
[28/Apr/2020 22:20:05] INFO [django.utils.autoreload:222] C:\Users\ebabuaj\OneDrive - Ericsson AB\D_Drive\Python_Course\Django\maargaweb\maargars_web\apartments\views.py changed, reloading.
[28/Apr/2020 22:20:05] INFO [django.utils.autoreload:222] C:\Users\ebabuaj\OneDrive - Ericsson AB\D_Drive\Python_Course\Django\maargaweb\maargars_web\apartments\views.py changed, reloading.
[28/Apr/2020 22:20:07] INFO [django.utils.autoreload:598] Watching for file changes with StatReloader
[28/Apr/2020 22:20:07] INFO [django.utils.autoreload:598] Watching for file changes with StatReloader
[28/Apr/2020 22:20:35] INFO [django.server:157] "GET /apartments/apartment HTTP/1.1" 200 10477
[28/Apr/2020 22:20:35] INFO [django.server:157] "GET /apartments/apartment HTTP/1.1" 200 10477
[28/Apr/2020 22:20:35] WARNING [django.server:157] "GET /static/css/lighbox.min.css HTTP/1.1" 404 1683
[28/Apr/2020 22:20:35] WARNING [django.server:157] "GET /static/css/lighbox.min.css HTTP/1.1" 404 1683
[28/Apr/2020 22:20:36] WARNING [django.server:157] "GET /static/js/bootstrap.bundle.min.js.map HTTP/1.1" 404 1716
[28/Apr/2020 22:20:36] WARNING [django.server:157] "GET /static/js/bootstrap.bundle.min.js.map HTTP/1.1" 404 1716
[28/Apr/2020 22:20:36] WARNING [django.server:157] "GET /static/js/lightbox.min.map HTTP/1.1" 404 1683
[28/Apr/2020 22:20:36] WARNING [django.server:157] "GET /static/js/lightbox.min.map HTTP/1.1" 404 1683
[28/Apr/2020 22:20:54] INFO [django.server:157] "GET /apartments/apartment HTTP/1.1" 200 10482
[28/Apr/2020 22:20:54] INFO [django.server:157] "GET /apartments/apartment HTTP/1.1" 200 10482
[28/Apr/2020 22:20:54] WARNING [django.server:157] "GET /static/css/lighbox.min.css HTTP/1.1" 404 1683
[28/Apr/2020 22:20:54] WARNING [django.server:157] "GET /static/css/lighbox.min.css HTTP/1.1" 404 1683
[28/Apr/2020 22:20:54] WARNING [django.server:157] "GET /static/js/bootstrap.bundle.min.js.map HTTP/1.1" 404 1716
[28/Apr/2020 22:20:54] WARNING [django.server:157] "GET /static/js/bootstrap.bundle.min.js.map HTTP/1.1" 404 1716
[28/Apr/2020 22:20:54] WARNING [django.server:157] "GET /static/js/lightbox.min.map HTTP/1.1" 404 1683
[28/Apr/2020 22:20:54] WARNING [django.server:157] "GET /static/js/lightbox.min.map HTTP/1.1" 404 1683
[28/Apr/2020 22:20:57] INFO [django.server:157] "POST /apartments/apartmentsFilter HTTP/1.1" 200 16
[28/Apr/2020 22:20:57] INFO [django.server:157] "POST /apartments/apartmentsFilter HTTP/1.1" 200 16
[28/Apr/2020 22:22:25] INFO [django.server:157] "GET /apartments/apartment HTTP/1.1" 200 10211
[28/Apr/2020 22:22:25] INFO [django.server:157] "GET /apartments/apartment HTTP/1.1" 200 10211
[28/Apr/2020 22:22:25] INFO [django.server:157] "GET /static/css/all.css HTTP/1.1" 304 0
[28/Apr/2020 22:22:25] INFO [django.server:157] "GET /static/css/all.css HTTP/1.1" 304 0
[28/Apr/2020 22:22:25] INFO [django.server:157] "GET /static/css/bootstrap.css HTTP/1.1" 304 0
[28/Apr/2020 22:22:25] INFO [django.server:157] "GET /static/css/bootstrap.css HTTP/1.1" 304 0
[28/Apr/2020 22:22:25] INFO [django.server:157] "GET /static/css/maarga.css HTTP/1.1" 304 0
[28/Apr/2020 22:22:25] INFO [django.server:157] "GET /static/css/maarga.css HTTP/1.1" 304 0
[28/Apr/2020 22:22:25] INFO [django.server:157] "GET /static/css/style.css HTTP/1.1" 304 0
[28/Apr/2020 22:22:25] INFO [django.server:157] "GET /static/css/style.css HTTP/1.1" 304 0
[28/Apr/2020 22:22:25] INFO [django.server:157] "GET /static/js/jquery-3.3.1.min.js HTTP/1.1" 304 0
[28/Apr/2020 22:22:25] INFO [django.server:157] "GET /static/js/lightbox.min.js HTTP/1.1" 304 0
[28/Apr/2020 22:22:25] INFO [django.server:157] "GET /static/js/jquery-3.3.1.min.js HTTP/1.1" 304 0
[28/Apr/2020 22:22:25] INFO [django.server:157] "GET /static/js/lightbox.min.js HTTP/1.1" 304 0
[28/Apr/2020 22:22:25] INFO [django.server:157] "GET /static/js/main.js HTTP/1.1" 304 0
[28/Apr/2020 22:22:25] INFO [django.server:157] "GET /static/js/main.js HTTP/1.1" 304 0
[28/Apr/2020 22:22:25] WARNING [django.server:157] "GET /static/css/lighbox.min.css HTTP/1.1" 404 1683
[28/Apr/2020 22:22:25] WARNING [django.server:157] "GET /static/css/lighbox.min.css HTTP/1.1" 404 1683
[28/Apr/2020 22:22:25] INFO [django.server:157] "GET /static/js/bootstrap.bundle.min.js HTTP/1.1" 304 0
[28/Apr/2020 22:22:25] INFO [django.server:157] "GET /static/js/bootstrap.bundle.min.js HTTP/1.1" 304 0
[28/Apr/2020 22:22:25] INFO [django.server:157] "GET /static/img/logo.png HTTP/1.1" 304 0
[28/Apr/2020 22:22:25] INFO [django.server:157] "GET /static/img/logo.png HTTP/1.1" 304 0
[28/Apr/2020 22:22:26] WARNING [django.server:157] "GET /static/js/bootstrap.bundle.min.js.map HTTP/1.1" 404 1716
[28/Apr/2020 22:22:26] WARNING [django.server:157] "GET /static/js/bootstrap.bundle.min.js.map HTTP/1.1" 404 1716
[28/Apr/2020 22:22:26] WARNING [django.server:157] "GET /static/js/lightbox.min.map HTTP/1.1" 404 1683
[28/Apr/2020 22:22:26] WARNING [django.server:157] "GET /static/js/lightbox.min.map HTTP/1.1" 404 1683
[28/Apr/2020 22:22:31] INFO [django.server:157] "POST /apartments/apartmentsFilter HTTP/1.1" 200 16
[28/Apr/2020 22:22:31] INFO [django.server:157] "POST /apartments/apartmentsFilter HTTP/1.1" 200 16
[28/Apr/2020 22:23:17] INFO [django.server:157] "GET /apartments/apartment HTTP/1.1" 200 10206
[28/Apr/2020 22:23:17] INFO [django.server:157] "GET /apartments/apartment HTTP/1.1" 200 10206
[28/Apr/2020 22:23:17] INFO [django.server:157] "GET /static/css/all.css HTTP/1.1" 304 0
[28/Apr/2020 22:23:17] INFO [django.server:157] "GET /static/css/all.css HTTP/1.1" 304 0
[28/Apr/2020 22:23:17] INFO [django.server:157] "GET /static/css/bootstrap.css HTTP/1.1" 304 0
[28/Apr/2020 22:23:17] INFO [django.server:157] "GET /static/css/bootstrap.css HTTP/1.1" 304 0
[28/Apr/2020 22:23:17] INFO [django.server:157] "GET /static/css/style.css HTTP/1.1" 304 0
[28/Apr/2020 22:23:17] INFO [django.server:157] "GET /static/css/style.css HTTP/1.1" 304 0
[28/Apr/2020 22:23:17] INFO [django.server:157] "GET /static/css/maarga.css HTTP/1.1" 304 0
[28/Apr/2020 22:23:17] INFO [django.server:157] "GET /static/css/maarga.css HTTP/1.1" 304 0
[28/Apr/2020 22:23:17] INFO [django.server:157] "GET /static/js/jquery-3.3.1.min.js HTTP/1.1" 304 0
[28/Apr/2020 22:23:17] INFO [django.server:157] "GET /static/js/jquery-3.3.1.min.js HTTP/1.1" 304 0
[28/Apr/2020 22:23:17] INFO [django.server:157] "GET /static/js/bootstrap.bundle.min.js HTTP/1.1" 304 0
[28/Apr/2020 22:23:17] INFO [django.server:157] "GET /static/js/bootstrap.bundle.min.js HTTP/1.1" 304 0
[28/Apr/2020 22:23:17] WARNING [django.server:157] "GET /static/css/lighbox.min.css HTTP/1.1" 404 1683
[28/Apr/2020 22:23:17] WARNING [django.server:157] "GET /static/css/lighbox.min.css HTTP/1.1" 404 1683
[28/Apr/2020 22:23:17] INFO [django.server:157] "GET /static/js/main.js HTTP/1.1" 304 0
[28/Apr/2020 22:23:17] INFO [django.server:157] "GET /static/js/lightbox.min.js HTTP/1.1" 304 0
[28/Apr/2020 22:23:17] INFO [django.server:157] "GET /static/js/main.js HTTP/1.1" 304 0
[28/Apr/2020 22:23:17] INFO [django.server:157] "GET /static/js/lightbox.min.js HTTP/1.1" 304 0
[28/Apr/2020 22:23:17] INFO [django.server:157] "GET /static/img/logo.png HTTP/1.1" 304 0
[28/Apr/2020 22:23:17] INFO [django.server:157] "GET /static/img/logo.png HTTP/1.1" 304 0
[28/Apr/2020 22:23:17] WARNING [django.server:157] "GET /static/js/bootstrap.bundle.min.js.map HTTP/1.1" 404 1716
[28/Apr/2020 22:23:17] WARNING [django.server:157] "GET /static/js/bootstrap.bundle.min.js.map HTTP/1.1" 404 1716
[28/Apr/2020 22:23:18] WARNING [django.server:157] "GET /static/js/lightbox.min.map HTTP/1.1" 404 1683
[28/Apr/2020 22:23:18] WARNING [django.server:157] "GET /static/js/lightbox.min.map HTTP/1.1" 404 1683
[28/Apr/2020 22:23:24] INFO [django.server:157] "POST /apartments/apartmentsFilter HTTP/1.1" 200 16
[28/Apr/2020 22:23:24] INFO [django.server:157] "POST /apartments/apartmentsFilter HTTP/1.1" 200 16
[28/Apr/2020 22:23:50] INFO [django.server:157] "GET /apartments/apartment HTTP/1.1" 200 10208
[28/Apr/2020 22:23:50] INFO [django.server:157] "GET /apartments/apartment HTTP/1.1" 200 10208
[28/Apr/2020 22:23:50] INFO [django.server:157] "GET /static/css/all.css HTTP/1.1" 304 0
[28/Apr/2020 22:23:50] INFO [django.server:157] "GET /static/css/all.css HTTP/1.1" 304 0
[28/Apr/2020 22:23:50] INFO [django.server:157] "GET /static/css/bootstrap.css HTTP/1.1" 304 0
[28/Apr/2020 22:23:50] INFO [django.server:157] "GET /static/css/bootstrap.css HTTP/1.1" 304 0
[28/Apr/2020 22:23:50] INFO [django.server:157] "GET /static/css/style.css HTTP/1.1" 304 0
[28/Apr/2020 22:23:50] INFO [django.server:157] "GET /static/css/style.css HTTP/1.1" 304 0
[28/Apr/2020 22:23:50] INFO [django.server:157] "GET /static/css/maarga.css HTTP/1.1" 304 0
[28/Apr/2020 22:23:50] INFO [django.server:157] "GET /static/css/maarga.css HTTP/1.1" 304 0
[28/Apr/2020 22:23:50] INFO [django.server:157] "GET /static/js/jquery-3.3.1.min.js HTTP/1.1" 304 0
[28/Apr/2020 22:23:50] INFO [django.server:157] "GET /static/js/jquery-3.3.1.min.js HTTP/1.1" 304 0
[28/Apr/2020 22:23:50] INFO [django.server:157] "GET /static/js/main.js HTTP/1.1" 304 0
[28/Apr/2020 22:23:50] INFO [django.server:157] "GET /static/js/bootstrap.bundle.min.js HTTP/1.1" 304 0
[28/Apr/2020 22:23:50] INFO [django.server:157] "GET /static/js/main.js HTTP/1.1" 304 0
[28/Apr/2020 22:23:50] WARNING [django.server:157] "GET /static/css/lighbox.min.css HTTP/1.1" 404 1683
[28/Apr/2020 22:23:50] INFO [django.server:157] "GET /static/js/bootstrap.bundle.min.js HTTP/1.1" 304 0
[28/Apr/2020 22:23:50] WARNING [django.server:157] "GET /static/css/lighbox.min.css HTTP/1.1" 404 1683
[28/Apr/2020 22:23:50] INFO [django.server:157] "GET /static/js/lightbox.min.js HTTP/1.1" 304 0
[28/Apr/2020 22:23:50] INFO [django.server:157] "GET /static/js/lightbox.min.js HTTP/1.1" 304 0
[28/Apr/2020 22:23:50] INFO [django.server:157] "GET /static/img/logo.png HTTP/1.1" 304 0
[28/Apr/2020 22:23:50] INFO [django.server:157] "GET /static/img/logo.png HTTP/1.1" 304 0
[28/Apr/2020 22:23:50] WARNING [django.server:157] "GET /static/js/bootstrap.bundle.min.js.map HTTP/1.1" 404 1716
[28/Apr/2020 22:23:50] WARNING [django.server:157] "GET /static/js/bootstrap.bundle.min.js.map HTTP/1.1" 404 1716
[28/Apr/2020 22:23:50] WARNING [django.server:157] "GET /static/js/lightbox.min.map HTTP/1.1" 404 1683
[28/Apr/2020 22:23:50] WARNING [django.server:157] "GET /static/js/lightbox.min.map HTTP/1.1" 404 1683
[28/Apr/2020 22:24:06] INFO [django.server:157] "GET /apartments/apartment HTTP/1.1" 200 10202
[28/Apr/2020 22:24:06] INFO [django.server:157] "GET /apartments/apartment HTTP/1.1" 200 10202
[28/Apr/2020 22:24:06] INFO [django.server:157] "GET /static/css/all.css HTTP/1.1" 304 0
[28/Apr/2020 22:24:06] INFO [django.server:157] "GET /static/css/all.css HTTP/1.1" 304 0
[28/Apr/2020 22:24:06] INFO [django.server:157] "GET /static/css/bootstrap.css HTTP/1.1" 304 0
[28/Apr/2020 22:24:06] INFO [django.server:157] "GET /static/css/bootstrap.css HTTP/1.1" 304 0
[28/Apr/2020 22:24:06] INFO [django.server:157] "GET /static/css/style.css HTTP/1.1" 304 0
[28/Apr/2020 22:24:06] INFO [django.server:157] "GET /static/css/style.css HTTP/1.1" 304 0
[28/Apr/2020 22:24:06] INFO [django.server:157] "GET /static/css/maarga.css HTTP/1.1" 304 0
[28/Apr/2020 22:24:06] INFO [django.server:157] "GET /static/css/maarga.css HTTP/1.1" 304 0
[28/Apr/2020 22:24:06] INFO [django.server:157] "GET /static/js/jquery-3.3.1.min.js HTTP/1.1" 304 0
[28/Apr/2020 22:24:06] INFO [django.server:157] "GET /static/js/jquery-3.3.1.min.js HTTP/1.1" 304 0
[28/Apr/2020 22:24:06] INFO [django.server:157] "GET /static/js/bootstrap.bundle.min.js HTTP/1.1" 304 0
[28/Apr/2020 22:24:06] INFO [django.server:157] "GET /static/js/bootstrap.bundle.min.js HTTP/1.1" 304 0
[28/Apr/2020 22:24:06] WARNING [django.server:157] "GET /static/css/lighbox.min.css HTTP/1.1" 404 1683
[28/Apr/2020 22:24:06] WARNING [django.server:157] "GET /static/css/lighbox.min.css HTTP/1.1" 404 1683
[28/Apr/2020 22:24:06] INFO [django.server:157] "GET /static/js/main.js HTTP/1.1" 304 0
[28/Apr/2020 22:24:06] INFO [django.server:157] "GET /static/js/main.js HTTP/1.1" 304 0
[28/Apr/2020 22:24:06] INFO [django.server:157] "GET /static/js/lightbox.min.js HTTP/1.1" 304 0
[28/Apr/2020 22:24:06] INFO [django.server:157] "GET /static/js/lightbox.min.js HTTP/1.1" 304 0
[28/Apr/2020 22:24:06] INFO [django.server:157] "GET /static/img/logo.png HTTP/1.1" 304 0
[28/Apr/2020 22:24:06] INFO [django.server:157] "GET /static/img/logo.png HTTP/1.1" 304 0
[28/Apr/2020 22:24:07] WARNING [django.server:157] "GET /static/js/bootstrap.bundle.min.js.map HTTP/1.1" 404 1716
[28/Apr/2020 22:24:07] WARNING [django.server:157] "GET /static/js/bootstrap.bundle.min.js.map HTTP/1.1" 404 1716
[28/Apr/2020 22:24:07] WARNING [django.server:157] "GET /static/js/lightbox.min.map HTTP/1.1" 404 1683
[28/Apr/2020 22:24:07] WARNING [django.server:157] "GET /static/js/lightbox.min.map HTTP/1.1" 404 1683
